Lorem ipsum dolor sit amet, consectetur adipiscing elit.
Proin eleifend lobortis gravida.
Etiam dignissim tortor sit amet ante cursus at pulvinar ante sodales.
Ut consequat nibh a neque suscipit ornare.
Phasellus condimentum, ligula eget semper scelerisque, mauris purus gravida nisl, nec mattis velit lorem ut urna.
Vivamus auctor gravida malesuada.
Vestibulum purus lectus, convallis id commodo sed, rhoncus non nisi.
Etiam gravida posuere eros vel sollicitudin.
Morbi bibendum quam non felis iaculis at vulputate lectus sagittis.
Donec suscipit porttitor diam ut congue.
Donec porttitor ullamcorper purus, id placerat risus mattis non.
Quisque rutrum sollicitudin ipsum a euismod.
Sed sit amet auctor felis.
Integer augue urna, tempus adipiscing vehicula sed, rutrum id justo.
Nam vehicula sagittis sem, rutrum semper augue tristique sit amet.
Cras lorem sapien, mollis quis blandit et, suscipit a nibh.
Nam vehicula, ligula aliquam pharetra ornare, felis ligula porta sem, a luctus risus justo dictum arcu.
Suspendisse ultricies odio et turpis commodo posuere.
Pellentesque habitant morbi tristique senectus et netus et malesuada fames ac turpis egestas.
In non nulla massa, eget ultrices neque.
Mauris bibendum commodo nisl at rhoncus.
Suspendisse eu nisl ante.
Cras convallis, enim sit amet dictum consectetur, est dolor ultrices nulla, vitae tincidunt nisl lectus eget arcu.
Proin eleifend justo ac enim facilisis non fringilla libero consectetur.
Sed adipiscing venenatis augue, vitae malesuada nisi faucibus consequat.
Maecenas risus libero, placerat a pellentesque a, semper in turpis.
Aenean nec lectus mi, nec vulputate leo.
Aliquam vitae dui nec nunc pulvinar sollicitudin eget eu sapien.
Donec a eros ipsum.
Donec convallis semper rutrum.
Aliquam feugiat vestibulum sodales.
Cras laoreet leo sit amet magna laoreet id rhoncus augue ornare.
Etiam faucibus massa vel erat lacinia elementum.
Etiam condimentum massa quis dolor sollicitudin in egestas lectus sodales.
Pellentesque risus arcu, pretium in bibendum egestas, gravida vestibulum mi.
Duis cursus gravida malesuada.
Donec quis mi at libero placerat pellentesque ut a ligula.
Curabitur eu elit ligula.
Nam malesuada, ante eget ultricies luctus, turpis turpis accumsan dolor, pellentesque placerat sem dolor et turpis.
Etiam pharetra risus sed arcu semper eu fringilla mi ornare.
Nulla sed leo nunc.
Nam tempor tellus quis mauris scelerisque quis sollicitudin arcu dignissim.
Proin fringilla, enim a suscipit cursus, neque est vulputate mi, vitae semper ante lectus sed est.
Nullam interdum metus at orci auctor laoreet.
Nullam condimentum, velit sit amet malesuada lacinia, dolor libero dignissim mi, ac malesuada sapien nisl at sem.
Suspendisse ut nulla eu purus cursus tincidunt.
Sed iaculis pulvinar lectus sed tincidunt.
Integer aliquet blandit porttitor.
Duis magna est, porta in tempor ut, interdum sed lorem.
Quisque lacinia, velit eu tristique cursus, tortor ante viverra nibh, imperdiet tempus leo ante in felis.
Proin lobortis imperdiet sem ut sodales.
Aenean ligula nisl, luctus id venenatis at, vestibulum quis sapien.
Vestibulum euismod ante a nibh accumsan fringilla.
Etiam consequat, orci id mattis bibendum, est nulla dapibus mauris, sed fringilla nunc felis vitae lorem.
Ut vitae ipsum ac nulla tempor congue id a ligula.
Donec vel hendrerit nisi.
Donec nunc ligula, tempus a bibendum ac, tincidunt non diam.
Sed eu ullamcorper enim.
Vestibulum nec auctor eros.
Sed eleifend, lacus vitae gravida elementum, arcu sem sollicitudin sem, eget mattis mi justo a massa.
Donec sed velit nec diam auctor blandit.
Duis nec interdum arcu.
Donec ornare congue felis, ac placerat velit scelerisque at.
.
Lorem ipsum dolor sit amet, consectetur adipiscing elit.
Proin eleifend lobortis gravida.
Etiam dignissim tortor sit amet ante cursus at pulvinar ante sodales.
Ut consequat nibh a neque suscipit ornare.
Phasellus condimentum, ligula eget semper scelerisque, mauris purus gravida nisl, nec mattis velit lorem ut urna.
Vivamus auctor gravida malesuada.
Vestibulum purus lectus, convallis id commodo sed, rhoncus non nisi.
Etiam gravida posuere eros vel sollicitudin.
Morbi bibendum quam non felis iaculis at vulputate lectus sagittis.
Donec suscipit porttitor diam ut congue.
Donec porttitor ullamcorper purus, id placerat risus mattis non.
Quisque rutrum sollicitudin ipsum a euismod.
Sed sit amet auctor felis.
Integer augue urna, tempus adipiscing vehicula sed, rutrum id justo.
Nam vehicula sagittis sem, rutrum semper augue tristique sit amet.
Cras lorem sapien, mollis quis blandit et, suscipit a nibh.
Nam vehicula, ligula aliquam pharetra ornare, felis ligula porta sem, a luctus risus justo dictum arcu.
Suspendisse ultricies odio et turpis commodo posuere.
Pellentesque habitant morbi tristique senectus et netus et malesuada fames ac turpis egestas.
In non nulla massa, eget ultrices neque.
Mauris bibendum commodo nisl at rhoncus.
Suspendisse eu nisl ante.
Cras convallis, enim sit amet dictum consectetur, est dolor ultrices nulla, vitae tincidunt nisl lectus eget arcu.
Proin eleifend justo ac enim facilisis non fringilla libero consectetur.
Sed adipiscing venenatis augue, vitae malesuada nisi faucibus consequat.
Maecenas risus libero, placerat a pellentesque a, semper in turpis.
Aenean nec lectus mi, nec vulputate leo.
Aliquam vitae dui nec nunc pulvinar sollicitudin eget eu sapien.
Donec a eros ipsum.
Donec convallis semper rutrum.
Aliquam feugiat vestibulum sodales.
Cras laoreet leo sit amet magna laoreet id rhoncus augue ornare.
Etiam faucibus massa vel erat lacinia elementum.
Etiam condimentum massa quis dolor sollicitudin in egestas lectus sodales.
Pellentesque risus arcu, pretium in bibendum egestas, gravida vestibulum mi.
Duis cursus gravida malesuada.
Donec quis mi at libero placerat pellentesque ut a ligula.
Curabitur eu elit ligula.
Nam malesuada, ante eget ultricies luctus, turpis turpis accumsan dolor, pellentesque placerat sem dolor et turpis.
Etiam pharetra risus sed arcu semper eu fringilla mi ornare.
Nulla sed leo nunc.
Nam tempor tellus quis mauris scelerisque quis sollicitudin arcu dignissim.
Proin fringilla, enim a suscipit cursus, neque est vulputate mi, vitae semper ante lectus sed est.
Nullam interdum metus at orci auctor laoreet.
Nullam condimentum, velit sit amet malesuada lacinia, dolor libero dignissim mi, ac malesuada sapien nisl at sem.
Suspendisse ut nulla eu purus cursus tincidunt.
Sed iaculis pulvinar lectus sed tincidunt.
Integer aliquet blandit porttitor.
Duis magna est, porta in tempor ut, interdum sed lorem.
Quisque lacinia, velit eu tristique cursus, tortor ante viverra nibh, imperdiet tempus leo ante in felis.
Proin lobortis imperdiet sem ut sodales.
Aenean ligula nisl, luctus id venenatis at, vestibulum quis sapien.
Vestibulum euismod ante a nibh accumsan fringilla.
Etiam consequat, orci id mattis bibendum, est nulla dapibus mauris, sed fringilla nunc felis vitae lorem.
Ut vitae ipsum ac nulla tempor congue id a ligula.
Donec vel hendrerit nisi.
Donec nunc ligula, tempus a bibendum ac, tincidunt non diam.
Sed eu ullamcorper enim.
Vestibulum nec auctor eros.
Sed eleifend, lacus vitae gravida elementum, arcu sem sollicitudin sem, eget mattis mi justo a massa.
Donec sed velit nec diam auctor blandit.
Duis nec interdum arcu.
Donec ornare congue felis, ac placerat velit scelerisque at.
.
